<?xml version="1.0" encoding="UTF-8"?>
<!-- Generated by org.testng.reporters.JUnitReportReporter -->
<testsuite hostname="SATISH-PC" name="com.gmail.testcases.GmailLoginPage" tests="2" failures="0" timestamp="12 Oct 2016 20:03:33 GMT" time="53.008" errors="0">
  <testcase name="TestHome" time="36.125" classname="com.gmail.testcases.GmailLoginPage"/>
  <testcase name="TestHome" time="16.883" classname="com.gmail.testcases.GmailLoginPage"/>
</testsuite> <!-- com.gmail.testcases.GmailLoginPage -->
