<?xml version="1.0" encoding="UTF-8"?>
<!-- Generated by org.testng.reporters.JUnitReportReporter -->
<testsuite hostname="SATISH-PC" name="com.gmail.testcases.GmailMultipleLoginsPage" tests="8" failures="0" timestamp="12 Oct 2016 20:23:47 GMT" time="278.680" errors="0">
  <testcase name="getMultipleLogins" time="27.347" classname="com.gmail.testcases.GmailMultipleLoginsPage"/>
  <testcase name="getMultipleLogins" time="40.161" classname="com.gmail.testcases.GmailMultipleLoginsPage"/>
  <testcase name="getMultipleLogins" time="28.039" classname="com.gmail.testcases.GmailMultipleLoginsPage"/>
  <testcase name="getMultipleLogins" time="39.107" classname="com.gmail.testcases.GmailMultipleLoginsPage"/>
  <testcase name="getMultipleLogins" time="37.122" classname="com.gmail.testcases.GmailMultipleLoginsPage"/>
  <testcase name="getMultipleLogins" time="27.721" classname="com.gmail.testcases.GmailMultipleLoginsPage"/>
  <testcase name="getMultipleLogins" time="39.285" classname="com.gmail.testcases.GmailMultipleLoginsPage"/>
  <testcase name="getMultipleLogins" time="39.898" classname="com.gmail.testcases.GmailMultipleLoginsPage"/>
</testsuite> <!-- com.gmail.testcases.GmailMultipleLoginsPage -->
